*** Booting Zephyr OS build v4.2.0-31-g663da2302b04 ***
Running TESTSUITE l6470_codec
===================================================================
START - test_build_get_status_tx_and_parse
 PASS - test_build_get_status_tx_and_parse in 0.000 seconds
===================================================================
START - test_pack_move_frame_dev1
 PASS - test_pack_move_frame_dev1 in 0.000 seconds
===================================================================
START - test_pack_run_frame_dev0
 PASS - test_pack_run_frame_dev0 in 0.000 seconds
===================================================================
TESTSUITE l6470_codec succeeded
Running TESTSUITE l6470_limits
===================================================================
START - test_move_rejects_too_many_steps
[00:00:00.000,000] <wrn> l6470: Attempt to move while power disabled
 PASS - test_move_rejects_too_many_steps in 0.000 seconds
===================================================================
START - test_run_rejects_high_speed
[00:00:00.000,000] <wrn> l6470: Attempt to run while power disabled
 PASS - test_run_rejects_high_speed in 0.000 seconds
===================================================================
TESTSUITE l6470_limits succeeded
Running TESTSUITE l6470_strict
===================================================================
START - test_move_frame_bytes
 PASS - test_move_frame_bytes in 0.000 seconds
===================================================================
START - test_run_frame_bytes
 PASS - test_run_frame_bytes in 0.000 seconds
===================================================================
TESTSUITE l6470_strict succeeded
Running TESTSUITE stepper_models
===================================================================
START - test_persist_active
[00:00:00.000,000] <inf> l6470: Active model for axis 1 set to 17HS3001-20B
[00:00:00.000,000] <err> l6470: Failed to persist active model indices: -2
[00:00:00.000,000] <err> l6470: Failed to persist active model indices: -2
 PASS - test_persist_active in 0.000 seconds
===================================================================
START - test_switch_and_enforce
[00:00:00.000,000] <inf> l6470: Active model for axis 0 set to 17HS3001-20B
[00:00:00.000,000] <err> l6470: Failed to persist active model indices: -2
[00:00:00.000,000] <err> l6470: Requested speed 2200 exceeds model max 1200
[00:00:00.000,000] <inf> l6470: Active model for axis 0 set to NEMA23-HighTorque
[00:00:00.000,000] <err> l6470: Failed to persist active model indices: -2
[00:00:00.000,000] <err> l6470: Requested speed 3000 exceeds model max 2000
[00:00:00.000,000] <inf> l6470: RUN cmd sent to dev 0 dir=0 speed=1999
 PASS - test_switch_and_enforce in 0.000 seconds
===================================================================
TESTSUITE stepper_models succeeded

------ TESTSUITE SUMMARY START ------

SUITE PASS - 100.00% [l6470_codec]: pass = 3, fail = 0, skip = 0, total = 3 duration = 0.000 seconds
 - PASS - [l6470_codec.test_build_get_status_tx_and_parse] duration = 0.000 seconds
 - PASS - [l6470_codec.test_pack_move_frame_dev1] duration = 0.000 seconds
 - PASS - [l6470_codec.test_pack_run_frame_dev0] duration = 0.000 seconds

SUITE PASS - 100.00% [l6470_limits]: pass = 2, fail = 0, skip = 0, total = 2 duration = 0.000 seconds
 - PASS - [l6470_limits.test_move_rejects_too_many_steps] duration = 0.000 seconds
 - PASS - [l6470_limits.test_run_rejects_high_speed] duration = 0.000 seconds

SUITE PASS - 100.00% [l6470_strict]: pass = 2, fail = 0, skip = 0, total = 2 duration = 0.000 seconds
 - PASS - [l6470_strict.test_move_frame_bytes] duration = 0.000 seconds
 - PASS - [l6470_strict.test_run_frame_bytes] duration = 0.000 seconds

SUITE PASS - 100.00% [stepper_models]: pass = 2, fail = 0, skip = 0, total = 2 duration = 0.000 seconds
 - PASS - [stepper_models.test_persist_active] duration = 0.000 seconds
 - PASS - [stepper_models.test_switch_and_enforce] duration = 0.000 seconds

------ TESTSUITE SUMMARY END ------

===================================================================
RunID: 046bb2c03e619716741dce7c1aa67b8c
PROJECT EXECUTION SUCCESSFUL
