2025-09-05 15:32:38,441 - twister - INFO - Using Ninja..
2025-09-05 15:32:38,493 - twister - INFO - Zephyr version: v4.2.0-31-g663da2302b04
2025-09-05 15:32:38,495 - twister - DEBUG - Running cmake script /home/joeyw/zephyr-dev/zephyr/cmake/verify-toolchain.cmake
2025-09-05 15:32:38,495 - twister - DEBUG - Calling cmake: /usr/bin/cmake -DFORMAT=json -P /home/joeyw/zephyr-dev/zephyr/cmake/verify-toolchain.cmake
2025-09-05 15:32:38,612 - twister - DEBUG - Finished running /home/joeyw/zephyr-dev/zephyr/cmake/verify-toolchain.cmake
2025-09-05 15:32:38,612 - twister - INFO - Using 'zephyr' toolchain.
2025-09-05 15:32:39,352 - twister - DEBUG - Reading testsuite configuration files under /home/joeyw/zephyr-dev/apps/stm32h753zi_stepper/tests/unit...
2025-09-05 15:32:39,353 - twister - DEBUG - Found possible testsuite in /home/joeyw/zephyr-dev/apps/stm32h753zi_stepper/tests/unit
2025-09-05 15:32:39,355 - twister - DEBUG - No duplicates found.
2025-09-05 15:32:39,356 - twister - DEBUG - platform filter: ['native_sim']
2025-09-05 15:32:39,356 - twister - DEBUG -   vendor filter: []
2025-09-05 15:32:39,356 - twister - DEBUG -     arch_filter: None
2025-09-05 15:32:39,356 - twister - DEBUG -      tag_filter: None
2025-09-05 15:32:39,356 - twister - DEBUG -     exclude_tag: None
2025-09-05 15:32:39,356 - twister - DEBUG - Checking platform filter: ['native_sim']
2025-09-05 15:32:39,356 - twister - INFO - Building initial testsuite list...
2025-09-05 15:32:39,356 - twister - INFO - Writing JSON report /home/joeyw/zephyr-dev/twister-out/testplan.json
2025-09-05 15:32:39,368 - twister - INFO - JOBS: 4
2025-09-05 15:32:39,369 - twister - INFO - Adding tasks to the queue...
2025-09-05 15:32:39,369 - twister - DEBUG - adding native_sim/native/host/stm32h753zi_stepper.unit
2025-09-05 15:32:39,370 - twister - INFO - Added initial list of jobs to queue
2025-09-05 15:32:39,374 - twister - DEBUG - Launched 4 jobs
2025-09-05 15:32:39,381 - twister - DEBUG - Running cmake on /home/joeyw/zephyr-dev/apps/stm32h753zi_stepper/tests/unit for native_sim/native
2025-09-05 15:32:39,381 - twister - DEBUG - Calling cmake: /usr/bin/cmake -B/home/joeyw/zephyr-dev/twister-out/native_sim_native/host/stm32h753zi_stepper.unit -DTC_RUNID=239f7645b35c4c7c1bda5bc829dfbd1c -DTC_NAME=stm32h753zi_stepper.unit -DCONFIG_COMPILER_WARNINGS_AS_ERRORS=y -DEXTRA_GEN_EDT_ARGS=--edtlib-Werror -GNinja -DPython3_EXECUTABLE=/home/joeyw/zephyr-dev/.venv/bin/python3 -DZEPHYR_TOOLCHAIN_VARIANT=host -S/home/joeyw/zephyr-dev/apps/stm32h753zi_stepper/tests/unit -DBOARD=native_sim/native
2025-09-05 15:32:42,262 - twister - DEBUG - Finished running cmake /home/joeyw/zephyr-dev/apps/stm32h753zi_stepper/tests/unit for native_sim/native in 2.88 seconds
2025-09-05 15:32:42,263 - twister - DEBUG - build test: native_sim/native/host/stm32h753zi_stepper.unit
2025-09-05 15:32:42,263 - twister - DEBUG - Building /home/joeyw/zephyr-dev/apps/stm32h753zi_stepper/tests/unit for native_sim/native
2025-09-05 15:32:42,264 - twister - DEBUG - Running /usr/bin/cmake --build /home/joeyw/zephyr-dev/twister-out/native_sim_native/host/stm32h753zi_stepper.unit
2025-09-05 15:32:43,382 - twister - DEBUG - Finished building /home/joeyw/zephyr-dev/apps/stm32h753zi_stepper/tests/unit for native_sim/native in 1.12 seconds
2025-09-05 15:32:43,382 - twister - DEBUG - Determine test cases for test instance: native_sim/native/host/stm32h753zi_stepper.unit
2025-09-05 15:32:43,382 - twister - DEBUG - Determine test cases for test suite: stm32h753zi_stepper.unit
2025-09-05 15:32:43,418 - twister - DEBUG - Test instance native_sim/native/host/stm32h753zi_stepper.unit already has 15 testcase(s) known: [<TestCase stm32h753zi_stepper.unit.l6470_limits.move_rejects_too_many_steps with None>, <TestCase stm32h753zi_stepper.unit.l6470_codec.boundary_move_steps_mask with None>, <TestCase stm32h753zi_stepper.unit.l6470_apply_model.min_acc_dec_and_low_max_speed with None>, <TestCase stm32h753zi_stepper.unit.l6470_strict.run_frame_bytes with None>, <TestCase stm32h753zi_stepper.unit.stepper_models.switch_and_enforce with None>, <TestCase stm32h753zi_stepper.unit.l6470_limits.run_rejects_high_speed with None>, <TestCase stm32h753zi_stepper.unit.l6470_codec.pack_move_frame_dev1 with None>, <TestCase stm32h753zi_stepper.unit.power_control_tests.power_state_hooks with None>, <TestCase stm32h753zi_stepper.unit.l6470_apply_model.program_core_params with None>, <TestCase stm32h753zi_stepper.unit.l6470_codec.boundary_max_speed_mask with None>, <TestCase stm32h753zi_stepper.unit.l6470_codec.pack_run_frame_dev0 with None>, <TestCase stm32h753zi_stepper.unit.l6470_strict.move_frame_bytes with None>, <TestCase stm32h753zi_stepper.unit.l6470_codec.build_get_status_tx_and_parse with None>, <TestCase stm32h753zi_stepper.unit.l6470_apply_model.stall_threshold_min_clamp with None>, <TestCase stm32h753zi_stepper.unit.stepper_models.persist_active with None>]
2025-09-05 15:32:43,418 - twister - DEBUG - Detected 14 Ztest case(s): [stm32h753zi_stepper.unit.l6470_codec.boundary_move_steps_mask, stm32h753zi_stepper.unit.l6470_codec.boundary_max_speed_mask, stm32h753zi_stepper.unit.l6470_codec.build_get_status_tx_and_parse, stm32h753zi_stepper.unit.l6470_codec.pack_move_frame_dev1, stm32h753zi_stepper.unit.l6470_codec.pack_run_frame_dev0, stm32h753zi_stepper.unit.l6470_limits.move_rejects_too_many_steps, stm32h753zi_stepper.unit.l6470_limits.run_rejects_high_speed, stm32h753zi_stepper.unit.stepper_models.persist_active, stm32h753zi_stepper.unit.stepper_models.switch_and_enforce, stm32h753zi_stepper.unit.l6470_strict.move_frame_bytes, stm32h753zi_stepper.unit.l6470_strict.run_frame_bytes, stm32h753zi_stepper.unit.l6470_apply_model.stall_threshold_min_clamp, stm32h753zi_stepper.unit.l6470_apply_model.min_acc_dec_and_low_max_speed, stm32h753zi_stepper.unit.l6470_apply_model.program_core_params] in /home/joeyw/zephyr-dev/twister-out/native_sim_native/host/stm32h753zi_stepper.unit/zephyr/zephyr.elf
2025-09-05 15:32:43,421 - twister - DEBUG - run test: native_sim/native/host/stm32h753zi_stepper.unit
2025-09-05 15:32:43,421 - twister - DEBUG - Reset instance status from 'passed' to None before run.
2025-09-05 15:32:43,421 - twister - DEBUG - Spawning process: /home/joeyw/zephyr-dev/twister-out/native_sim_native/host/stm32h753zi_stepper.unit/zephyr/zephyr.exe
in directory: /home/joeyw/zephyr-dev/twister-out/native_sim_native/host/stm32h753zi_stepper.unit
2025-09-05 15:32:43,422 - twister - DEBUG - Spawning BinaryHandler Thread for native_sim/native/host/stm32h753zi_stepper.unit
2025-09-05 15:32:43,423 - twister - DEBUG - OUTPUT: *** Booting Zephyr OS build v4.2.0-31-g663da2302b04 ***
2025-09-05 15:32:43,423 - twister - DEBUG - OUTPUT: Running TESTSUITE l6470_apply_model
2025-09-05 15:32:43,423 - twister - DEBUG - OUTPUT: ===================================================================
2025-09-05 15:32:43,423 - twister - DEBUG - OUTPUT: START - test_min_acc_dec_and_low_max_speed
2025-09-05 15:32:43,424 - twister - DEBUG - OUTPUT:  PASS - test_min_acc_dec_and_low_max_speed in 0.000 seconds
2025-09-05 15:32:43,424 - twister - DEBUG - OUTPUT: ===================================================================
2025-09-05 15:32:43,424 - twister - DEBUG - OUTPUT: START - test_program_core_params
2025-09-05 15:32:43,424 - twister - DEBUG - OUTPUT:  PASS - test_program_core_params in 0.000 seconds
2025-09-05 15:32:43,425 - twister - DEBUG - OUTPUT: ===================================================================
2025-09-05 15:32:43,425 - twister - DEBUG - OUTPUT: START - test_stall_threshold_min_clamp
2025-09-05 15:32:43,425 - twister - DEBUG - OUTPUT:  PASS - test_stall_threshold_min_clamp in 0.000 seconds
2025-09-05 15:32:43,425 - twister - DEBUG - OUTPUT: ===================================================================
2025-09-05 15:32:43,425 - twister - DEBUG - OUTPUT: TESTSUITE l6470_apply_model succeeded
2025-09-05 15:32:43,425 - twister - DEBUG - OUTPUT: Running TESTSUITE l6470_codec
2025-09-05 15:32:43,425 - twister - DEBUG - OUTPUT: ===================================================================
2025-09-05 15:32:43,425 - twister - DEBUG - OUTPUT: START - test_boundary_max_speed_mask
2025-09-05 15:32:43,425 - twister - DEBUG - OUTPUT:  PASS - test_boundary_max_speed_mask in 0.000 seconds
2025-09-05 15:32:43,425 - twister - DEBUG - OUTPUT: ===================================================================
2025-09-05 15:32:43,426 - twister - DEBUG - OUTPUT: START - test_boundary_move_steps_mask
2025-09-05 15:32:43,426 - twister - DEBUG - OUTPUT:  PASS - test_boundary_move_steps_mask in 0.000 seconds
2025-09-05 15:32:43,426 - twister - DEBUG - OUTPUT: ===================================================================
2025-09-05 15:32:43,426 - twister - DEBUG - OUTPUT: START - test_build_get_status_tx_and_parse
2025-09-05 15:32:43,426 - twister - DEBUG - OUTPUT:  PASS - test_build_get_status_tx_and_parse in 0.000 seconds
2025-09-05 15:32:43,426 - twister - DEBUG - OUTPUT: ===================================================================
2025-09-05 15:32:43,426 - twister - DEBUG - OUTPUT: START - test_pack_move_frame_dev1
2025-09-05 15:32:43,426 - twister - DEBUG - OUTPUT:  PASS - test_pack_move_frame_dev1 in 0.000 seconds
2025-09-05 15:32:43,426 - twister - DEBUG - OUTPUT: ===================================================================
2025-09-05 15:32:43,426 - twister - DEBUG - OUTPUT: START - test_pack_run_frame_dev0
2025-09-05 15:32:43,426 - twister - DEBUG - OUTPUT:  PASS - test_pack_run_frame_dev0 in 0.000 seconds
2025-09-05 15:32:43,427 - twister - DEBUG - OUTPUT: ===================================================================
2025-09-05 15:32:43,427 - twister - DEBUG - OUTPUT: TESTSUITE l6470_codec succeeded
2025-09-05 15:32:43,427 - twister - DEBUG - OUTPUT: Running TESTSUITE l6470_limits
2025-09-05 15:32:43,427 - twister - DEBUG - OUTPUT: ===================================================================
2025-09-05 15:32:43,427 - twister - DEBUG - OUTPUT: START - test_move_rejects_too_many_steps
2025-09-05 15:32:43,427 - twister - DEBUG - OUTPUT: [00:00:00.000,000] [1;31m<err> l6470: Requested steps 8388608 exceeds configured max 8388607[0m
2025-09-05 15:32:43,427 - twister - DEBUG - OUTPUT:  PASS - test_move_rejects_too_many_steps in 0.000 seconds
2025-09-05 15:32:43,427 - twister - DEBUG - OUTPUT: ===================================================================
2025-09-05 15:32:43,427 - twister - DEBUG - OUTPUT: START - test_run_rejects_high_speed
2025-09-05 15:32:43,427 - twister - DEBUG - OUTPUT: [00:00:00.000,000] [1;31m<err> l6470: Requested speed 1300 exceeds model max 1200[0m
2025-09-05 15:32:43,428 - twister - DEBUG - OUTPUT:  PASS - test_run_rejects_high_speed in 0.000 seconds
2025-09-05 15:32:43,428 - twister - DEBUG - OUTPUT: ===================================================================
2025-09-05 15:32:43,428 - twister - DEBUG - OUTPUT: TESTSUITE l6470_limits succeeded
2025-09-05 15:32:43,428 - twister - DEBUG - OUTPUT: Running TESTSUITE l6470_strict
2025-09-05 15:32:43,428 - twister - DEBUG - OUTPUT: ===================================================================
2025-09-05 15:32:43,428 - twister - DEBUG - OUTPUT: START - test_move_frame_bytes
2025-09-05 15:32:43,428 - twister - DEBUG - OUTPUT:  PASS - test_move_frame_bytes in 0.000 seconds
2025-09-05 15:32:43,428 - twister - DEBUG - OUTPUT: ===================================================================
2025-09-05 15:32:43,428 - twister - DEBUG - OUTPUT: START - test_run_frame_bytes
2025-09-05 15:32:43,428 - twister - DEBUG - OUTPUT:  PASS - test_run_frame_bytes in 0.000 seconds
2025-09-05 15:32:43,429 - twister - DEBUG - OUTPUT: ===================================================================
2025-09-05 15:32:43,429 - twister - DEBUG - OUTPUT: TESTSUITE l6470_strict succeeded
2025-09-05 15:32:43,429 - twister - DEBUG - OUTPUT: Running TESTSUITE stepper_models
2025-09-05 15:32:43,429 - twister - DEBUG - OUTPUT: ===================================================================
2025-09-05 15:32:43,429 - twister - DEBUG - OUTPUT: START - test_persist_active
2025-09-05 15:32:43,429 - twister - DEBUG - OUTPUT: [00:00:00.000,000] [0m<inf> l6470: Active model for axis 1 set to 17HS3001-20B[0m
2025-09-05 15:32:43,429 - twister - DEBUG - OUTPUT: [00:00:00.000,000] [1;31m<err> l6470: Failed to persist active model indices: -2[0m
2025-09-05 15:32:43,429 - twister - DEBUG - OUTPUT: [00:00:00.000,000] [1;31m<err> l6470: Failed to persist active model indices: -2[0m
2025-09-05 15:32:43,429 - twister - DEBUG - OUTPUT:  PASS - test_persist_active in 0.000 seconds
2025-09-05 15:32:43,430 - twister - DEBUG - OUTPUT: ===================================================================
2025-09-05 15:32:43,430 - twister - DEBUG - OUTPUT: START - test_switch_and_enforce
2025-09-05 15:32:43,430 - twister - DEBUG - OUTPUT: [00:00:00.000,000] [0m<inf> l6470: Active model for axis 0 set to 17HS3001-20B[0m
2025-09-05 15:32:43,430 - twister - DEBUG - OUTPUT: [00:00:00.000,000] [1;31m<err> l6470: Failed to persist active model indices: -2[0m
2025-09-05 15:32:43,430 - twister - DEBUG - OUTPUT: [00:00:00.000,000] [1;31m<err> l6470: Requested speed 2200 exceeds model max 1200[0m
2025-09-05 15:32:43,430 - twister - DEBUG - OUTPUT: [00:00:00.000,000] [0m<inf> l6470: Active model for axis 0 set to NEMA23-HighTorque[0m
2025-09-05 15:32:43,430 - twister - DEBUG - OUTPUT: [00:00:00.000,000] [1;31m<err> l6470: Failed to persist active model indices: -2[0m
2025-09-05 15:32:43,430 - twister - DEBUG - OUTPUT: [00:00:00.000,000] [1;31m<err> l6470: Requested speed 3000 exceeds model max 2000[0m
2025-09-05 15:32:43,430 - twister - DEBUG - OUTPUT: [00:00:00.000,000] [0m<inf> l6470: RUN cmd sent to dev 0 dir=0 speed=1999[0m
2025-09-05 15:32:43,430 - twister - DEBUG - OUTPUT:  PASS - test_switch_and_enforce in 0.000 seconds
2025-09-05 15:32:43,430 - twister - DEBUG - OUTPUT: ===================================================================
2025-09-05 15:32:43,430 - twister - DEBUG - OUTPUT: TESTSUITE stepper_models succeeded
2025-09-05 15:32:43,431 - twister - DEBUG - OUTPUT: 
2025-09-05 15:32:43,431 - twister - DEBUG - OUTPUT: ------ TESTSUITE SUMMARY START ------
2025-09-05 15:32:43,431 - twister - DEBUG - OUTPUT: 
2025-09-05 15:32:43,431 - twister - DEBUG - OUTPUT: SUITE PASS - 100.00% [l6470_apply_model]: pass = 3, fail = 0, skip = 0, total = 3 duration = 0.000 seconds
2025-09-05 15:32:43,431 - twister - DEBUG - OUTPUT:  - PASS - [l6470_apply_model.test_min_acc_dec_and_low_max_speed] duration = 0.000 seconds
2025-09-05 15:32:43,431 - twister - DEBUG - OUTPUT:  - PASS - [l6470_apply_model.test_program_core_params] duration = 0.000 seconds
2025-09-05 15:32:43,431 - twister - DEBUG - OUTPUT:  - PASS - [l6470_apply_model.test_stall_threshold_min_clamp] duration = 0.000 seconds
2025-09-05 15:32:43,431 - twister - DEBUG - OUTPUT: 
2025-09-05 15:32:43,431 - twister - DEBUG - OUTPUT: SUITE PASS - 100.00% [l6470_codec]: pass = 5, fail = 0, skip = 0, total = 5 duration = 0.000 seconds
2025-09-05 15:32:43,432 - twister - DEBUG - OUTPUT:  - PASS - [l6470_codec.test_boundary_max_speed_mask] duration = 0.000 seconds
2025-09-05 15:32:43,432 - twister - DEBUG - OUTPUT:  - PASS - [l6470_codec.test_boundary_move_steps_mask] duration = 0.000 seconds
2025-09-05 15:32:43,432 - twister - DEBUG - OUTPUT:  - PASS - [l6470_codec.test_build_get_status_tx_and_parse] duration = 0.000 seconds
2025-09-05 15:32:43,432 - twister - DEBUG - OUTPUT:  - PASS - [l6470_codec.test_pack_move_frame_dev1] duration = 0.000 seconds
2025-09-05 15:32:43,432 - twister - DEBUG - OUTPUT:  - PASS - [l6470_codec.test_pack_run_frame_dev0] duration = 0.000 seconds
2025-09-05 15:32:43,432 - twister - DEBUG - OUTPUT: 
2025-09-05 15:32:43,432 - twister - DEBUG - OUTPUT: SUITE PASS - 100.00% [l6470_limits]: pass = 2, fail = 0, skip = 0, total = 2 duration = 0.000 seconds
2025-09-05 15:32:43,432 - twister - DEBUG - OUTPUT:  - PASS - [l6470_limits.test_move_rejects_too_many_steps] duration = 0.000 seconds
2025-09-05 15:32:43,432 - twister - DEBUG - OUTPUT:  - PASS - [l6470_limits.test_run_rejects_high_speed] duration = 0.000 seconds
2025-09-05 15:32:43,433 - twister - DEBUG - OUTPUT: 
2025-09-05 15:32:43,433 - twister - DEBUG - OUTPUT: SUITE PASS - 100.00% [l6470_strict]: pass = 2, fail = 0, skip = 0, total = 2 duration = 0.000 seconds
2025-09-05 15:32:43,433 - twister - DEBUG - OUTPUT:  - PASS - [l6470_strict.test_move_frame_bytes] duration = 0.000 seconds
2025-09-05 15:32:43,433 - twister - DEBUG - OUTPUT:  - PASS - [l6470_strict.test_run_frame_bytes] duration = 0.000 seconds
2025-09-05 15:32:43,433 - twister - DEBUG - OUTPUT: 
2025-09-05 15:32:43,433 - twister - DEBUG - OUTPUT: SUITE PASS - 100.00% [stepper_models]: pass = 2, fail = 0, skip = 0, total = 2 duration = 0.000 seconds
2025-09-05 15:32:43,433 - twister - DEBUG - OUTPUT:  - PASS - [stepper_models.test_persist_active] duration = 0.000 seconds
2025-09-05 15:32:43,433 - twister - DEBUG - OUTPUT:  - PASS - [stepper_models.test_switch_and_enforce] duration = 0.000 seconds
2025-09-05 15:32:43,433 - twister - DEBUG - OUTPUT: 
2025-09-05 15:32:43,433 - twister - DEBUG - OUTPUT: ------ TESTSUITE SUMMARY END ------
2025-09-05 15:32:43,434 - twister - DEBUG - OUTPUT: 
2025-09-05 15:32:43,434 - twister - DEBUG - OUTPUT: ===================================================================
2025-09-05 15:32:43,434 - twister - DEBUG - OUTPUT: RunID: 239f7645b35c4c7c1bda5bc829dfbd1c
2025-09-05 15:32:43,434 - twister - DEBUG - OUTPUT: PROJECT EXECUTION SUCCESSFUL
2025-09-05 15:32:43,436 - twister - DEBUG - run status: native_sim/native/host/stm32h753zi_stepper.unit passed
2025-09-05 15:32:43,438 - twister - INFO - 1/1 native_sim/native         stm32h753zi_stepper.unit                           [32mPASSED[39m (native 0.013s <host>)
2025-09-05 15:32:43,442 - twister - INFO - 1 test scenarios (1 configurations) selected, 0 configurations filtered (0 by static filter, 0 at runtime).
2025-09-05 15:32:43,442 - twister - INFO - [32m1 of 1[39m executed test configurations passed (100.00%), 0 built (not run), 0 failed, 0 errored, with no warnings in 5.00 seconds.
2025-09-05 15:32:43,442 - twister - INFO - 14 of 14 executed test cases passed (100.00%) on 1 out of total 1115 platforms (0.09%).
2025-09-05 15:32:43,442 - twister - INFO - [32m1[39m test configurations executed on platforms, [36m0[39m test configurations were only built.
2025-09-05 15:32:43,442 - twister - INFO - Saving reports...
2025-09-05 15:32:43,442 - twister - INFO - Writing JSON report /home/joeyw/zephyr-dev/twister-out/twister.json
2025-09-05 15:32:43,443 - twister - INFO - Writing xunit report /home/joeyw/zephyr-dev/twister-out/twister.xml...
2025-09-05 15:32:43,443 - twister - INFO - Writing xunit report /home/joeyw/zephyr-dev/twister-out/twister_report.xml...
2025-09-05 15:32:43,444 - twister - INFO - Run completed
